app/build/intermediates/manifest_merge_blame_file/debug/processDebugMainManifest/manifest-merger-blame-debug-report.txt
1<?xml version="1.0" encoding="utf-8"?>
2<manifest xmlns:android="http://schemas.android.com/apk/res/android"
3    package="com.mathematics.healix"
4    android:versionCode="1"
5    android:versionName="1.0" >
6
7    <uses-sdk
8        android:minSdkVersion="26"
9        android:targetSdkVersion="35" />
10
11    <uses-permission android:name="android.permission.ACCESS_FINE_LOCATION" />
11-->src\main\AndroidManifest.xml:5:5-79
11-->src\main\AndroidManifest.xml:5:22-76
12    <uses-permission android:name="android.permission.ACCESS_COARSE_LOCATION" />
12-->src\main\AndroidManifest.xml:6:5-81
12-->src\main\AndroidManifest.xml:6:22-78
13    <uses-permission android:name="android.permission.ACTIVITY_RECOGNITION" />
13-->src\main\AndroidManifest.xml:7:5-79
13-->src\main\AndroidManifest.xml:7:22-76
14    <uses-permission android:name="android.permission.POST_NOTIFICATIONS" />
14-->src\main\AndroidManifest.xml:8:5-77
14-->src\main\AndroidManifest.xml:8:22-74
15    <uses-permission android:name="android.permission.READ_CALENDAR" />
15-->src\main\AndroidManifest.xml:9:5-72
15-->src\main\AndroidManifest.xml:9:22-69
16    <uses-permission android:name="android.permission.WRITE_CALENDAR" />
16-->src\main\AndroidManifest.xml:10:5-73
16-->src\main\AndroidManifest.xml:10:22-70
17    <uses-permission android:name="android.permission.INTERNET" />
17-->src\main\AndroidManifest.xml:11:5-66
17-->src\main\AndroidManifest.xml:11:22-64
18    <uses-permission android:name="android.permission.ACCESS_NETWORK_STATE" />
18-->[com.google.firebase:firebase-auth:23.2.0] AndroidManifest.xml:26:5-79
18-->[com.google.firebase:firebase-auth:23.2.0] AndroidManifest.xml:26:22-76
19    <uses-permission android:name="android.permission.WAKE_LOCK" />
19-->[com.google.android.gms:play-services-measurement:22.4.0] AndroidManifest.xml:25:5-68
19-->[com.google.android.gms:play-services-measurement:22.4.0] AndroidManifest.xml:25:22-65
20    <uses-permission android:name="com.google.android.finsky.permission.BIND_GET_INSTALL_REFERRER_SERVICE" />
20-->[com.google.android.gms:play-services-measurement:22.4.0] AndroidManifest.xml:26:5-110
20-->[com.google.android.gms:play-services-measurement:22.4.0] AndroidManifest.xml:26:22-107
21    <uses-permission android:name="com.google.android.gms.permission.AD_ID" />
21-->[com.google.android.gms:play-services-measurement-impl:22.4.0] AndroidManifest.xml:27:5-79
21-->[com.google.android.gms:play-services-measurement-impl:22.4.0] AndroidManifest.xml:27:22-76
22    <uses-permission android:name="com.google.android.providers.gsf.permission.READ_GSERVICES" />
22-->[com.google.android.recaptcha:recaptcha:18.6.1] AndroidManifest.xml:9:5-98
22-->[com.google.android.recaptcha:recaptcha:18.6.1] AndroidManifest.xml:9:22-95
23    <uses-permission android:name="android.permission.ACCESS_ADSERVICES_ATTRIBUTION" />
23-->[com.google.android.gms:play-services-measurement-api:22.4.0] AndroidManifest.xml:26:5-88
23-->[com.google.android.gms:play-services-measurement-api:22.4.0] AndroidManifest.xml:26:22-85
24    <uses-permission android:name="android.permission.ACCESS_ADSERVICES_AD_ID" />
24-->[com.google.android.gms:play-services-measurement-api:22.4.0] AndroidManifest.xml:27:5-82
24-->[com.google.android.gms:play-services-measurement-api:22.4.0] AndroidManifest.xml:27:22-79
25    <uses-permission android:name="android.permission.RECEIVE_BOOT_COMPLETED" />
25-->[androidx.work:work-runtime:2.8.1] AndroidManifest.xml:25:5-81
25-->[androidx.work:work-runtime:2.8.1] AndroidManifest.xml:25:22-78
26    <uses-permission android:name="android.permission.FOREGROUND_SERVICE" />
26-->[androidx.work:work-runtime:2.8.1] AndroidManifest.xml:26:5-77
26-->[androidx.work:work-runtime:2.8.1] AndroidManifest.xml:26:22-74
27
28    <permission
28-->[androidx.core:core:1.13.0] AndroidManifest.xml:22:5-24:47
29        android:name="com.mathematics.healix.DYNAMIC_RECEIVER_NOT_EXPORTED_PERMISSION"
29-->[androidx.core:core:1.13.0] AndroidManifest.xml:23:9-81
30        android:protectionLevel="signature" />
30-->[androidx.core:core:1.13.0] AndroidManifest.xml:24:9-44
31
32    <uses-permission android:name="com.mathematics.healix.DYNAMIC_RECEIVER_NOT_EXPORTED_PERMISSION" />
32-->[androidx.core:core:1.13.0] AndroidManifest.xml:26:5-97
32-->[androidx.core:core:1.13.0] AndroidManifest.xml:26:22-94
33
34    <application
34-->src\main\AndroidManifest.xml:14:5-150:19
35        android:allowBackup="true"
35-->src\main\AndroidManifest.xml:15:9-35
36        android:appComponentFactory="androidx.core.app.CoreComponentFactory"
36-->[androidx.core:core:1.13.0] AndroidManifest.xml:28:18-86
37        android:dataExtractionRules="@xml/data_extraction_rules"
37-->src\main\AndroidManifest.xml:16:9-65
38        android:debuggable="true"
39        android:extractNativeLibs="false"
40        android:fullBackupContent="@xml/backup_rules"
40-->src\main\AndroidManifest.xml:17:9-54
41        android:icon="@drawable/logo_vector_img_for_icon"
41-->src\main\AndroidManifest.xml:18:9-58
42        android:label="@string/app_name"
42-->src\main\AndroidManifest.xml:19:9-41
43        android:roundIcon="@drawable/logo_vector_img_for_icon"
43-->src\main\AndroidManifest.xml:20:9-63
44        android:supportsRtl="true"
44-->src\main\AndroidManifest.xml:21:9-35
45        android:testOnly="true"
46        android:theme="@style/Theme.Healix" >
46-->src\main\AndroidManifest.xml:22:9-44
47        <activity
47-->src\main\AndroidManifest.xml:25:9-31:20
48            android:name="com.mathematics.healix.chatbot.ui.ChatbotActivity"
48-->src\main\AndroidManifest.xml:26:13-55
49            android:exported="true" >
49-->src\main\AndroidManifest.xml:27:13-36
50        </activity>
51        <activity
51-->src\main\AndroidManifest.xml:33:9-35:40
52            android:name="com.mathematics.healix.setting_up_data_page"
52-->src\main\AndroidManifest.xml:34:13-49
53            android:exported="false" />
53-->src\main\AndroidManifest.xml:35:13-37
54        <activity
54-->src\main\AndroidManifest.xml:37:9-39:40
55            android:name="com.mathematics.healix.scheduled_tests"
55-->src\main\AndroidManifest.xml:38:13-44
56            android:exported="false" />
56-->src\main\AndroidManifest.xml:39:13-37
57        <activity
57-->src\main\AndroidManifest.xml:40:9-44:20
58            android:name="com.mathematics.healix.GoalsActivity"
58-->src\main\AndroidManifest.xml:41:13-42
59            android:exported="true" >
59-->src\main\AndroidManifest.xml:42:13-36
60        </activity>
61        <activity
61-->src\main\AndroidManifest.xml:45:9-47:39
62            android:name="com.mathematics.healix.book_tests"
62-->src\main\AndroidManifest.xml:46:13-39
63            android:exported="true" />
63-->src\main\AndroidManifest.xml:47:13-36
64        <activity
64-->src\main\AndroidManifest.xml:48:9-50:39
65            android:name="com.mathematics.healix.healthcheckup_seemore"
65-->src\main\AndroidManifest.xml:49:13-50
66            android:exported="true" />
66-->src\main\AndroidManifest.xml:50:13-36
67        <activity
67-->src\main\AndroidManifest.xml:51:9-53:39
68            android:name="com.mathematics.healix.ask_free_question_activity"
68-->src\main\AndroidManifest.xml:52:13-55
69            android:exported="true" />
69-->src\main\AndroidManifest.xml:53:13-36
70        <activity
70-->src\main\AndroidManifest.xml:54:9-56:39
71            android:name="com.mathematics.healix.questions_answers_by_expert"
71-->src\main\AndroidManifest.xml:55:13-56
72            android:exported="true" />
72-->src\main\AndroidManifest.xml:56:13-36
73        <activity
73-->src\main\AndroidManifest.xml:57:9-59:39
74            android:name="com.mathematics.healix.diet_planning_page"
74-->src\main\AndroidManifest.xml:58:13-47
75            android:exported="true" />
75-->src\main\AndroidManifest.xml:59:13-36
76        <activity
76-->src\main\AndroidManifest.xml:60:9-62:40
77            android:name="com.mathematics.healix.trackSample"
77-->src\main\AndroidManifest.xml:61:13-40
78            android:exported="false" />
78-->src\main\AndroidManifest.xml:62:13-37
79        <activity
79-->src\main\AndroidManifest.xml:63:9-65:40
80            android:name="com.mathematics.healix.downloadReport"
80-->src\main\AndroidManifest.xml:64:13-43
81            android:exported="false" />
81-->src\main\AndroidManifest.xml:65:13-37
82        <activity
82-->src\main\AndroidManifest.xml:66:9-68:40
83            android:name="com.mathematics.healix.lab_tests"
83-->src\main\AndroidManifest.xml:67:13-38
84            android:exported="false" />
84-->src\main\AndroidManifest.xml:68:13-37
85        <activity
85-->src\main\AndroidManifest.xml:69:9-71:40
86            android:name="com.mathematics.healix.StepTrackerActivity"
86-->src\main\AndroidManifest.xml:70:13-48
87            android:exported="false" />
87-->src\main\AndroidManifest.xml:71:13-37
88        <activity
88-->src\main\AndroidManifest.xml:72:9-74:40
89            android:name="com.mathematics.healix.CommunityForum"
89-->src\main\AndroidManifest.xml:73:13-43
90            android:exported="false" />
90-->src\main\AndroidManifest.xml:74:13-37
91        <activity
91-->src\main\AndroidManifest.xml:75:9-84:20
92            android:name="com.mathematics.healix.create_community_post_activity"
92-->src\main\AndroidManifest.xml:76:13-59
93            android:exported="true"
93-->src\main\AndroidManifest.xml:77:13-36
94            android:windowSoftInputMode="adjustResize" >
94-->src\main\AndroidManifest.xml:78:13-55
95            <intent-filter>
95-->src\main\AndroidManifest.xml:79:13-83:29
96                <action android:name="android.intent.action.MAIN" />
96-->src\main\AndroidManifest.xml:80:17-69
96-->src\main\AndroidManifest.xml:80:25-66
97
98                <category android:name="android.intent.category.LAUNCHER" />
98-->src\main\AndroidManifest.xml:82:17-77
98-->src\main\AndroidManifest.xml:82:27-74
99            </intent-filter>
100        </activity>
101        <activity
101-->src\main\AndroidManifest.xml:85:9-87:40
102            android:name="com.mathematics.healix.Person_age"
102-->src\main\AndroidManifest.xml:86:13-39
103            android:exported="false" />
103-->src\main\AndroidManifest.xml:87:13-37
104        <activity
104-->src\main\AndroidManifest.xml:88:9-90:40
105            android:name="com.mathematics.healix.Person_height"
105-->src\main\AndroidManifest.xml:89:13-42
106            android:exported="false" />
106-->src\main\AndroidManifest.xml:90:13-37
107        <activity
107-->src\main\AndroidManifest.xml:91:9-93:40
108            android:name="com.mathematics.healix.Enter_weight"
108-->src\main\AndroidManifest.xml:92:13-41
109            android:exported="false" />
109-->src\main\AndroidManifest.xml:93:13-37
110        <activity
110-->src\main\AndroidManifest.xml:94:9-96:40
111            android:name="com.mathematics.healix.week_diet_plan"
111-->src\main\AndroidManifest.xml:95:13-43
112            android:exported="false" />
112-->src\main\AndroidManifest.xml:96:13-37
113        <activity
113-->src\main\AndroidManifest.xml:97:9-99:40
114            android:name="com.mathematics.healix.healthCheckups"
114-->src\main\AndroidManifest.xml:98:13-43
115            android:exported="false" />
115-->src\main\AndroidManifest.xml:99:13-37
116        <activity
116-->src\main\AndroidManifest.xml:100:9-102:40
117            android:name="com.mathematics.healix.sleep_cycle"
117-->src\main\AndroidManifest.xml:101:13-40
118            android:exported="false" />
118-->src\main\AndroidManifest.xml:102:13-37
119        <activity
119-->src\main\AndroidManifest.xml:103:9-105:40
120            android:name="com.mathematics.healix.calorie_burn"
120-->src\main\AndroidManifest.xml:104:13-41
121            android:exported="false" />
121-->src\main\AndroidManifest.xml:105:13-37
122        <activity
122-->src\main\AndroidManifest.xml:106:9-108:40
123            android:name="com.mathematics.healix.heart_rate"
123-->src\main\AndroidManifest.xml:107:13-39
124            android:exported="false" />
124-->src\main\AndroidManifest.xml:108:13-37
125        <activity
125-->src\main\AndroidManifest.xml:109:9-111:40
126            android:name="com.mathematics.healix.GetStarted"
126-->src\main\AndroidManifest.xml:110:13-39
127            android:exported="false" />
127-->src\main\AndroidManifest.xml:111:13-37
128        <activity
128-->src\main\AndroidManifest.xml:112:9-114:40
129            android:name="com.mathematics.healix.NavigationActivity"
129-->src\main\AndroidManifest.xml:113:13-47
130            android:exported="false" />
130-->src\main\AndroidManifest.xml:114:13-37
131        <activity
131-->src\main\AndroidManifest.xml:115:9-117:40
132            android:name="com.mathematics.healix.home_lab_test"
132-->src\main\AndroidManifest.xml:116:13-42
133            android:exported="false" />
133-->src\main\AndroidManifest.xml:117:13-37
134        <activity
134-->src\main\AndroidManifest.xml:118:9-120:40
135            android:name="com.mathematics.healix.signup_Page"
135-->src\main\AndroidManifest.xml:119:13-40
136            android:exported="false" />
136-->src\main\AndroidManifest.xml:120:13-37
137        <activity
137-->src\main\AndroidManifest.xml:121:9-123:40
138            android:name="com.mathematics.healix.genderSelection"
138-->src\main\AndroidManifest.xml:122:13-44
139            android:exported="false" />
139-->src\main\AndroidManifest.xml:123:13-37
140        <activity
140-->src\main\AndroidManifest.xml:124:9-126:40
141            android:name="com.mathematics.healix.login_Page"
141-->src\main\AndroidManifest.xml:125:13-39
142            android:exported="false" />
142-->src\main\AndroidManifest.xml:126:13-37
143        <activity
143-->src\main\AndroidManifest.xml:127:9-129:40
144            android:name="com.mathematics.healix.start_page"
144-->src\main\AndroidManifest.xml:128:13-39
145            android:exported="false" />
145-->src\main\AndroidManifest.xml:129:13-37
146        <activity
146-->src\main\AndroidManifest.xml:130:9-132:40
147            android:name="com.mathematics.healix.home_page"
147-->src\main\AndroidManifest.xml:131:13-38
148            android:exported="false" />
148-->src\main\AndroidManifest.xml:132:13-37
149        <activity
149-->src\main\AndroidManifest.xml:133:9-141:20
150            android:name="com.mathematics.healix.MainActivity"
150-->src\main\AndroidManifest.xml:134:13-41
151            android:exported="true" >
151-->src\main\AndroidManifest.xml:135:13-36
152
153            <!-- <intent-filter> -->
154            <!-- <action android:name="android.intent.action.MAIN" /> -->
155
156
157            <!-- <category android:name="android.intent.category.LAUNCHER" /> -->
158            <!-- </intent-filter> -->
159        </activity>
160
161        <service
161-->src\main\AndroidManifest.xml:143:9-145:40
162            android:name="com.mathematics.healix.StepCounterService"
162-->src\main\AndroidManifest.xml:144:13-47
163            android:exported="false" />
163-->src\main\AndroidManifest.xml:145:13-37
164
165        <meta-data
165-->src\main\AndroidManifest.xml:147:9-149:57
166            android:name="preloaded_fonts"
166-->src\main\AndroidManifest.xml:148:13-43
167            android:resource="@array/preloaded_fonts" />
167-->src\main\AndroidManifest.xml:149:13-54
168
169        <service
169-->[androidx.health.connect:connect-client:1.1.0-alpha06] AndroidManifest.xml:24:9-32:19
170            android:name="androidx.health.platform.client.impl.sdkservice.HealthDataSdkService"
170-->[androidx.health.connect:connect-client:1.1.0-alpha06] AndroidManifest.xml:25:13-96
171            android:enabled="true"
171-->[androidx.health.connect:connect-client:1.1.0-alpha06] AndroidManifest.xml:26:13-35
172            android:exported="true" >
172-->[androidx.health.connect:connect-client:1.1.0-alpha06] AndroidManifest.xml:27:13-36
173            <intent-filter>
173-->[androidx.health.connect:connect-client:1.1.0-alpha06] AndroidManifest.xml:29:13-31:29
174                <action android:name="androidx.health.platform.client.ACTION_BIND_SDK_SERVICE" />
174-->[androidx.health.connect:connect-client:1.1.0-alpha06] AndroidManifest.xml:30:17-98
174-->[androidx.health.connect:connect-client:1.1.0-alpha06] AndroidManifest.xml:30:25-95
175            </intent-filter>
176        </service>
177
178        <activity
178-->[com.google.firebase:firebase-auth:23.2.0] AndroidManifest.xml:29:9-46:20
179            android:name="com.google.firebase.auth.internal.GenericIdpActivity"
179-->[com.google.firebase:firebase-auth:23.2.0] AndroidManifest.xml:30:13-80
180            android:excludeFromRecents="true"
180-->[com.google.firebase:firebase-auth:23.2.0] AndroidManifest.xml:31:13-46
181            android:exported="true"
181-->[com.google.firebase:firebase-auth:23.2.0] AndroidManifest.xml:32:13-36
182            android:launchMode="singleTask"
182-->[com.google.firebase:firebase-auth:23.2.0] AndroidManifest.xml:33:13-44
183            android:theme="@android:style/Theme.Translucent.NoTitleBar" >
183-->[com.google.firebase:firebase-auth:23.2.0] AndroidManifest.xml:34:13-72
184            <intent-filter>
184-->[com.google.firebase:firebase-auth:23.2.0] AndroidManifest.xml:35:13-45:29
185                <action android:name="android.intent.action.VIEW" />
185-->[com.google.firebase:firebase-auth:23.2.0] AndroidManifest.xml:36:17-69
185-->[com.google.firebase:firebase-auth:23.2.0] AndroidManifest.xml:36:25-66
186
187                <category android:name="android.intent.category.DEFAULT" />
187-->[com.google.firebase:firebase-auth:23.2.0] AndroidManifest.xml:38:17-76
187-->[com.google.firebase:firebase-auth:23.2.0] AndroidManifest.xml:38:27-73
188                <category android:name="android.intent.category.BROWSABLE" />
188-->[com.google.firebase:firebase-auth:23.2.0] AndroidManifest.xml:39:17-78
188-->[com.google.firebase:firebase-auth:23.2.0] AndroidManifest.xml:39:27-75
189
190                <data
190-->[com.google.firebase:firebase-auth:23.2.0] AndroidManifest.xml:41:17-44:51
191                    android:host="firebase.auth"
191-->[com.google.firebase:firebase-auth:23.2.0] AndroidManifest.xml:42:21-49
192                    android:path="/"
192-->[com.google.firebase:firebase-auth:23.2.0] AndroidManifest.xml:43:21-37
193                    android:scheme="genericidp" />
193-->[com.google.firebase:firebase-auth:23.2.0] AndroidManifest.xml:44:21-48
194            </intent-filter>
195        </activity>
196        <activity
196-->[com.google.firebase:firebase-auth:23.2.0] AndroidManifest.xml:47:9-64:20
197            android:name="com.google.firebase.auth.internal.RecaptchaActivity"
197-->[com.google.firebase:firebase-auth:23.2.0] AndroidManifest.xml:48:13-79
198            android:excludeFromRecents="true"
198-->[com.google.firebase:firebase-auth:23.2.0] AndroidManifest.xml:49:13-46
199            android:exported="true"
199-->[com.google.firebase:firebase-auth:23.2.0] AndroidManifest.xml:50:13-36
200            android:launchMode="singleTask"
200-->[com.google.firebase:firebase-auth:23.2.0] AndroidManifest.xml:51:13-44
201            android:theme="@android:style/Theme.Translucent.NoTitleBar" >
201-->[com.google.firebase:firebase-auth:23.2.0] AndroidManifest.xml:52:13-72
202            <intent-filter>
202-->[com.google.firebase:firebase-auth:23.2.0] AndroidManifest.xml:53:13-63:29
203                <action android:name="android.intent.action.VIEW" />
203-->[com.google.firebase:firebase-auth:23.2.0] AndroidManifest.xml:36:17-69
203-->[com.google.firebase:firebase-auth:23.2.0] AndroidManifest.xml:36:25-66
204
205                <category android:name="android.intent.category.DEFAULT" />
205-->[com.google.firebase:firebase-auth:23.2.0] AndroidManifest.xml:38:17-76
205-->[com.google.firebase:firebase-auth:23.2.0] AndroidManifest.xml:38:27-73
206                <category android:name="android.intent.category.BROWSABLE" />
206-->[com.google.firebase:firebase-auth:23.2.0] AndroidManifest.xml:39:17-78
206-->[com.google.firebase:firebase-auth:23.2.0] AndroidManifest.xml:39:27-75
207
208                <data
208-->[com.google.firebase:firebase-auth:23.2.0] AndroidManifest.xml:41:17-44:51
209                    android:host="firebase.auth"
209-->[com.google.firebase:firebase-auth:23.2.0] AndroidManifest.xml:42:21-49
210                    android:path="/"
210-->[com.google.firebase:firebase-auth:23.2.0] AndroidManifest.xml:43:21-37
211                    android:scheme="recaptcha" />
211-->[com.google.firebase:firebase-auth:23.2.0] AndroidManifest.xml:44:21-48
212            </intent-filter>
213        </activity>
214
215        <service
215-->[com.google.firebase:firebase-auth:23.2.0] AndroidManifest.xml:66:9-72:19
216            android:name="com.google.firebase.components.ComponentDiscoveryService"
216-->[com.google.firebase:firebase-auth:23.2.0] AndroidManifest.xml:67:13-84
217            android:directBootAware="true"
217-->[com.google.firebase:firebase-common:21.0.0] AndroidManifest.xml:32:13-43
218            android:exported="false" >
218-->[com.google.firebase:firebase-auth:23.2.0] AndroidManifest.xml:68:13-37
219            <meta-data
219-->[com.google.firebase:firebase-auth:23.2.0] AndroidManifest.xml:69:13-71:85
220                android:name="com.google.firebase.components:com.google.firebase.auth.FirebaseAuthRegistrar"
220-->[com.google.firebase:firebase-auth:23.2.0] AndroidManifest.xml:70:17-109
221                android:value="com.google.firebase.components.ComponentRegistrar" />
221-->[com.google.firebase:firebase-auth:23.2.0] AndroidManifest.xml:71:17-82
222            <meta-data
222-->[com.google.firebase:firebase-database:21.0.0] AndroidManifest.xml:29:13-31:85
223                android:name="com.google.firebase.components:com.google.firebase.database.FirebaseDatabaseKtxRegistrar"
223-->[com.google.firebase:firebase-database:21.0.0] AndroidManifest.xml:30:17-120
224                android:value="com.google.firebase.components.ComponentRegistrar" />
224-->[com.google.firebase:firebase-database:21.0.0] AndroidManifest.xml:31:17-82
225            <meta-data
225-->[com.google.firebase:firebase-database:21.0.0] AndroidManifest.xml:32:13-34:85
226                android:name="com.google.firebase.components:com.google.firebase.database.DatabaseRegistrar"
226-->[com.google.firebase:firebase-database:21.0.0] AndroidManifest.xml:33:17-109
227                android:value="com.google.firebase.components.ComponentRegistrar" />
227-->[com.google.firebase:firebase-database:21.0.0] AndroidManifest.xml:34:17-82
228            <meta-data
228-->[com.google.firebase:firebase-firestore:25.1.4] AndroidManifest.xml:17:13-19:85
229                android:name="com.google.firebase.components:com.google.firebase.firestore.FirebaseFirestoreKtxRegistrar"
229-->[com.google.firebase:firebase-firestore:25.1.4] AndroidManifest.xml:18:17-122
230                android:value="com.google.firebase.components.ComponentRegistrar" />
230-->[com.google.firebase:firebase-firestore:25.1.4] AndroidManifest.xml:19:17-82
231            <meta-data
231-->[com.google.firebase:firebase-firestore:25.1.4] AndroidManifest.xml:20:13-22:85
232                android:name="com.google.firebase.components:com.google.firebase.firestore.FirestoreRegistrar"
232-->[com.google.firebase:firebase-firestore:25.1.4] AndroidManifest.xml:21:17-111
233                android:value="com.google.firebase.components.ComponentRegistrar" />
233-->[com.google.firebase:firebase-firestore:25.1.4] AndroidManifest.xml:22:17-82
234            <meta-data
234-->[com.google.android.gms:play-services-measurement-api:22.4.0] AndroidManifest.xml:33:13-35:85
235                android:name="com.google.firebase.components:com.google.firebase.analytics.connector.internal.AnalyticsConnectorRegistrar"
235-->[com.google.android.gms:play-services-measurement-api:22.4.0] AndroidManifest.xml:34:17-139
236                android:value="com.google.firebase.components.ComponentRegistrar" />
236-->[com.google.android.gms:play-services-measurement-api:22.4.0] AndroidManifest.xml:35:17-82
237            <meta-data
237-->[com.google.firebase:firebase-installations:18.0.0] AndroidManifest.xml:15:13-17:85
238                android:name="com.google.firebase.components:com.google.firebase.installations.FirebaseInstallationsKtxRegistrar"
238-->[com.google.firebase:firebase-installations:18.0.0] AndroidManifest.xml:16:17-130
239                android:value="com.google.firebase.components.ComponentRegistrar" />
239-->[com.google.firebase:firebase-installations:18.0.0] AndroidManifest.xml:17:17-82
240            <meta-data
240-->[com.google.firebase:firebase-installations:18.0.0] AndroidManifest.xml:18:13-20:85
241                android:name="com.google.firebase.components:com.google.firebase.installations.FirebaseInstallationsRegistrar"
241-->[com.google.firebase:firebase-installations:18.0.0] AndroidManifest.xml:19:17-127
242                android:value="com.google.firebase.components.ComponentRegistrar" />
242-->[com.google.firebase:firebase-installations:18.0.0] AndroidManifest.xml:20:17-82
243            <meta-data
243-->[com.google.firebase:firebase-common-ktx:21.0.0] AndroidManifest.xml:12:13-14:85
244                android:name="com.google.firebase.components:com.google.firebase.ktx.FirebaseCommonLegacyRegistrar"
244-->[com.google.firebase:firebase-common-ktx:21.0.0] AndroidManifest.xml:13:17-116
245                android:value="com.google.firebase.components.ComponentRegistrar" />
245-->[com.google.firebase:firebase-common-ktx:21.0.0] AndroidManifest.xml:14:17-82
246            <meta-data
246-->[com.google.firebase:firebase-common:21.0.0] AndroidManifest.xml:35:13-37:85
247                android:name="com.google.firebase.components:com.google.firebase.FirebaseCommonKtxRegistrar"
247-->[com.google.firebase:firebase-common:21.0.0] AndroidManifest.xml:36:17-109
248                android:value="com.google.firebase.components.ComponentRegistrar" />
248-->[com.google.firebase:firebase-common:21.0.0] AndroidManifest.xml:37:17-82
249        </service>
250        <service
250-->[androidx.credentials:credentials-play-services-auth:1.2.0-rc01] AndroidManifest.xml:24:9-32:19
251            android:name="androidx.credentials.playservices.CredentialProviderMetadataHolder"
251-->[androidx.credentials:credentials-play-services-auth:1.2.0-rc01] AndroidManifest.xml:25:13-94
252            android:enabled="true"
252-->[androidx.credentials:credentials-play-services-auth:1.2.0-rc01] AndroidManifest.xml:26:13-35
253            android:exported="false" >
253-->[androidx.credentials:credentials-play-services-auth:1.2.0-rc01] AndroidManifest.xml:27:13-37
254            <meta-data
254-->[androidx.credentials:credentials-play-services-auth:1.2.0-rc01] AndroidManifest.xml:29:13-31:104
255                android:name="androidx.credentials.CREDENTIAL_PROVIDER_KEY"
255-->[androidx.credentials:credentials-play-services-auth:1.2.0-rc01] AndroidManifest.xml:30:17-76
256                android:value="androidx.credentials.playservices.CredentialProviderPlayServicesImpl" />
256-->[androidx.credentials:credentials-play-services-auth:1.2.0-rc01] AndroidManifest.xml:31:17-101
257        </service>
258
259        <activity
259-->[androidx.credentials:credentials-play-services-auth:1.2.0-rc01] AndroidManifest.xml:34:9-41:20
260            android:name="androidx.credentials.playservices.HiddenActivity"
260-->[androidx.credentials:credentials-play-services-auth:1.2.0-rc01] AndroidManifest.xml:35:13-76
261            android:configChanges="orientation|screenSize|screenLayout|keyboardHidden"
261-->[androidx.credentials:credentials-play-services-auth:1.2.0-rc01] AndroidManifest.xml:36:13-87
262            android:enabled="true"
262-->[androidx.credentials:credentials-play-services-auth:1.2.0-rc01] AndroidManifest.xml:37:13-35
263            android:exported="false"
263-->[androidx.credentials:credentials-play-services-auth:1.2.0-rc01] AndroidManifest.xml:38:13-37
264            android:fitsSystemWindows="true"
264-->[androidx.credentials:credentials-play-services-auth:1.2.0-rc01] AndroidManifest.xml:39:13-45
265            android:theme="@style/Theme.Hidden" >
265-->[androidx.credentials:credentials-play-services-auth:1.2.0-rc01] AndroidManifest.xml:40:13-48
266        </activity>
267        <activity
267-->[com.google.android.gms:play-services-auth:20.7.0] AndroidManifest.xml:23:9-27:75
268            android:name="com.google.android.gms.auth.api.signin.internal.SignInHubActivity"
268-->[com.google.android.gms:play-services-auth:20.7.0] AndroidManifest.xml:24:13-93
269            android:excludeFromRecents="true"
269-->[com.google.android.gms:play-services-auth:20.7.0] AndroidManifest.xml:25:13-46
270            android:exported="false"
270-->[com.google.android.gms:play-services-auth:20.7.0] AndroidManifest.xml:26:13-37
271            android:theme="@android:style/Theme.Translucent.NoTitleBar" />
271-->[com.google.android.gms:play-services-auth:20.7.0] AndroidManifest.xml:27:13-72
272        <!--
273            Service handling Google Sign-In user revocation. For apps that do not integrate with
274            Google Sign-In, this service will never be started.
275        -->
276        <service
276-->[com.google.android.gms:play-services-auth:20.7.0] AndroidManifest.xml:33:9-37:51
277            android:name="com.google.android.gms.auth.api.signin.RevocationBoundService"
277-->[com.google.android.gms:play-services-auth:20.7.0] AndroidManifest.xml:34:13-89
278            android:exported="true"
278-->[com.google.android.gms:play-services-auth:20.7.0] AndroidManifest.xml:35:13-36
279            android:permission="com.google.android.gms.auth.api.signin.permission.REVOCATION_NOTIFICATION"
279-->[com.google.android.gms:play-services-auth:20.7.0] AndroidManifest.xml:36:13-107
280            android:visibleToInstantApps="true" />
280-->[com.google.android.gms:play-services-auth:20.7.0] AndroidManifest.xml:37:13-48
281